
> start
> node server.js

JSON server running on port 3000
No update performed; local version 20260410164312685 matches cbt_json_history.
Sync completed: version=20260410164312685
Next MySQL sync in 81 seconds (at 2026-04-11T02:52:52.454Z)
No update performed; local version 20260410164312685 matches cbt_json_history.
Sync completed: version=20260410164312685
Next MySQL sync in 69 seconds (at 2026-04-11T02:54:01.503Z)
No update performed; local version 20260410164312685 matches cbt_json_history.
Sync completed: version=20260410164312685
Next MySQL sync in 77 seconds (at 2026-04-11T02:55:18.547Z)
Updated local files to version 20260411095458992
Sync completed: version=20260411095458992
Next MySQL sync in 64 seconds (at 2026-04-11T02:56:22.616Z)
Updated local files to version 20260411095458324
Sync completed: version=20260411095458324
Next MySQL sync in 64 seconds (at 2026-04-11T02:57:26.681Z)
No update performed; local version 20260411095458324 matches cbt_json_history.
Sync completed: version=20260411095458324
Next MySQL sync in 82 seconds (at 2026-04-11T02:58:48.758Z)
No update performed; local version 20260411095458324 matches cbt_json_history.
Sync completed: version=20260411095458324
Next MySQL sync in 76 seconds (at 2026-04-11T03:00:04.814Z)
Updated local files to version 20260411095458323
Sync completed: version=20260411095458323
Next MySQL sync in 73 seconds (at 2026-04-11T03:01:17.857Z)
